<?xml version="1.0" encoding="UTF-8"?>
<testsuite xmlns:xsi="http://www.w3.org/2001/XMLSchema-instance" xsi:noNamespaceSchemaLocation="https://maven.apache.org/surefire/maven-surefire-plugin/xsd/surefire-test-report-3.0.xsd" version="3.0" name="com.mycompany.snakegame.WindowTest" time="0.213" tests="1" errors="0" skipped="0" failures="0">
  <properties>
[...]
</properties>
  <testcase name="WindowTest" classname="com.mycompany.snakegame.WindowTest" time="0.056">
    <system-out><![CDATA[should print before any of the tests
should print after each test case
]]></system-out>
  </testcase>
</testsuite>